Build started 11/7/2012 10:25:30 AM.
     1>Project "C:\Code\imaq\any2ufmf\any2ufmf.vcxproj" on node 2 (build target(s)).
     1>InitializeBuildStatus:
         Creating "x64\Release\any2ufmf.unsuccessfulbuild" because "AlwaysCreate" was specified.
       ClCompile:
         c:\Program Files (x86)\Microsoft Visual Studio 10.0\VC\bin\x86_amd64\CL.exe /c /Zi /nologo /W3 /WX- /O2 /Oi /GL /D _MBCS /Gm- /EHsc /MD /GS /Gy /fp:precise /Zc:wchar_t /Zc:forScope /Fo"x64\Release\\" /Fd"x64\Release\vc100.pdb" /Gd /TP /errorReport:prompt any2ufmf.cpp
         any2ufmf.cpp
     1>c:\code\imaq\gige_record_x64\ufmfWriterStats.h(248): warning C4244: '=' : conversion from 'unsigned __int64' to 'unsigned int', possible loss of data
       Link:
         c:\Program Files (x86)\Microsoft Visual Studio 10.0\VC\bin\x86_amd64\link.exe /ERRORREPORT:PROMPT /OUT:"C:\Code\imaq\any2ufmf\x64\Release\any2ufmf.exe" /NOLOGO kernel32.lib user32.lib gdi32.lib winspool.lib comdlg32.lib advapi32.lib shell32.lib ole32.lib oleaut32.lib uuid.lib odbc32.lib odbccp32.lib opencv_core230.lib opencv_ml230.lib opencv_highgui230.lib opencv_imgproc230.lib kernel32.lib user32.lib gdi32.lib winspool.lib comdlg32.lib advapi32.lib shell32.lib ole32.lib oleaut32.lib uuid.lib odbc32.lib odbccp32.lib /MANIFEST /ManifestFile:"x64\Release\any2ufmf.exe.intermediate.manifest" /MANIFESTUAC:"level='asInvoker' uiAccess='false'" /DEBUG /PDB:"C:\Code\imaq\any2ufmf\x64\Release\any2ufmf.pdb" /OPT:REF /OPT:ICF /LTCG /TLBID:1 /DYNAMICBASE /NXCOMPAT /IMPLIB:"C:\Code\imaq\any2ufmf\x64\Release\any2ufmf.lib" /MACHINE:X64 x64\Release\previewVideo.obj
         x64\Release\ufmfWriter.obj
         x64\Release\any2ufmf.obj
         Generating code
         Finished generating code
         any2ufmf.vcxproj -> C:\Code\imaq\any2ufmf\x64\Release\any2ufmf.exe
       Manifest:
         C:\Program Files (x86)\Microsoft SDKs\Windows\v7.0A\bin\mt.exe /nologo /verbose /outputresource:"C:\Code\imaq\any2ufmf\x64\Release\any2ufmf.exe;#1" /manifest x64\Release\any2ufmf.exe.intermediate.manifest
       FinalizeBuildStatus:
         Deleting file "x64\Release\any2ufmf.unsuccessfulbuild".
         Touching "x64\Release\any2ufmf.lastbuildstate".
     1>Done Building Project "C:\Code\imaq\any2ufmf\any2ufmf.vcxproj" (build target(s)).

Build succeeded.

Time Elapsed 00:00:02.42
