Build started 12/18/2013 9:43:17 PM.
     1>Project "C:\Users\benderj\src\any2ufmf\any2ufmf.vcxproj" on node 2 (build target(s)).
     1>InitializeBuildStatus:
         Creating "x64\Debug\any2ufmf.unsuccessfulbuild" because "AlwaysCreate" was specified.
       ClCompile:
         All outputs are up-to-date.
       Link:
         All outputs are up-to-date.
         any2ufmf.vcxproj -> C:\Users\benderj\src\any2ufmf\x64\Debug\any2ufmf.exe
       PostBuildEvent:
         copy /Y C:\Users\benderj\src\any2ufmf\opencv_dlls\*247d.dll C:\Users\benderj\src\any2ufmf\x64\Debug\ & copy /Y C:\Users\benderj\src\any2ufmf\opencv_dlls\opencv_ffmpeg247_64.dll C:\Users\benderj\src\any2ufmf\x64\Debug\
         :VCEnd
         C:\Users\benderj\src\any2ufmf\opencv_dlls\opencv_calib3d247d.dll
         C:\Users\benderj\src\any2ufmf\opencv_dlls\opencv_contrib247d.dll
         C:\Users\benderj\src\any2ufmf\opencv_dlls\opencv_core247d.dll
         C:\Users\benderj\src\any2ufmf\opencv_dlls\opencv_features2d247d.dll
         C:\Users\benderj\src\any2ufmf\opencv_dlls\opencv_flann247d.dll
         C:\Users\benderj\src\any2ufmf\opencv_dlls\opencv_gpu247d.dll
         C:\Users\benderj\src\any2ufmf\opencv_dlls\opencv_highgui247d.dll
         C:\Users\benderj\src\any2ufmf\opencv_dlls\opencv_imgproc247d.dll
         C:\Users\benderj\src\any2ufmf\opencv_dlls\opencv_legacy247d.dll
         C:\Users\benderj\src\any2ufmf\opencv_dlls\opencv_ml247d.dll
         C:\Users\benderj\src\any2ufmf\opencv_dlls\opencv_objdetect247d.dll
         C:\Users\benderj\src\any2ufmf\opencv_dlls\opencv_video247d.dll
                12 file(s) copied.
                 1 file(s) copied.
       FinalizeBuildStatus:
         Deleting file "x64\Debug\any2ufmf.unsuccessfulbuild".
         Touching "x64\Debug\any2ufmf.lastbuildstate".
     1>Done Building Project "C:\Users\benderj\src\any2ufmf\any2ufmf.vcxproj" (build target(s)).

Build succeeded.

Time Elapsed 00:00:00.91
